<?xml version="1.0" encoding="UTF-8"?>
<!-- Generated by org.testng.reporters.JUnitXMLReporter -->
<testsuite ignored="2" hostname="Sans" failures="1" tests="2" name="Playwright_Web_Test_Firefox" time="18.496" errors="0" timestamp="2026-06-09T14:29:50 IST">
  <testcase classname="com.automation.web.tests.HomePageTest" name="validateMenuLinks" time="0.003">
    <failure type="java.lang.AssertionError" message="expected [true] but found [false]">
      <![CDATA[java.lang.AssertionError: expected [true] but found [false]
at com.automation.web.tests.HomePageTest.validateMenuLinks(HomePageTest.java:18)
at java.base/java.util.ArrayList.forEach(ArrayList.java:1511)
at java.base/java.util.concurrent.FutureTask.run(FutureTask.java:264)
at java.base/java.util.concurrent.ThreadPoolExecutor.runWorker(ThreadPoolExecutor.java:1136)
at java.base/java.util.concurrent.ThreadPoolExecutor$Worker.run(ThreadPoolExecutor.java:635)
at java.base/java.lang.Thread.run(Thread.java:840)
... Removed 24 stack frames]]>
    </failure>
  </testcase> <!-- validateMenuLinks -->
  <testcase classname="com.automation.web.tests.HomePageTest" name="validateMenuLinks_2" time="0.002"/>
  <testcase classname="com.automation.web.tests.TestManager" name="@AfterTest tearDown" time="0.0">
    <ignored/>
  </testcase> <!-- @AfterTest tearDown -->
  <testcase classname="com.automation.web.tests.TestManager" name="@BeforeTest setUp" time="0.0">
    <ignored/>
  </testcase> <!-- @BeforeTest setUp -->
</testsuite> <!-- Playwright_Web_Test_Firefox -->
