<?xml version="1.0" encoding="UTF-8"?>
<testng-results ignored="0" total="6" passed="3" failed="3" skipped="0">
  <reporter-output>
  </reporter-output>
  <suite started-at="2026-06-09T14:29:32 IST" name="Playwright_Web_Suite" finished-at="2026-06-09T14:29:53 IST" duration-ms="21080">
    <groups>
    </groups>
    <test started-at="2026-06-09T14:29:32 IST" name="Playwright_Web_Test_Firefox" finished-at="2026-06-09T14:29:50 IST" duration-ms="18496">
      <class name="com.automation.web.tests.HomePageTest">
        <test-method is-config="true" signature="setUp(java.lang.String)[pri:0, instance:com.automation.web.tests.HomePageTest@53b7f657]" started-at="2026-06-09T14:29:32 IST" name="setUp" finished-at="2026-06-09T14:29:48 IST" duration-ms="15905" status="PASS">
          <params>
            <param index="0">
              <value>
                <![CDATA[firefox]]>
              </value>
            </param>
          </params>
          <reporter-output>
          </reporter-output>
        </test-method> <!-- setUp -->
        <test-method signature="validateMenuLinks()[pri:0, instance:com.automation.web.tests.HomePageTest@53b7f657]" started-at="2026-06-09T14:29:48 IST" name="validateMenuLinks" finished-at="2026-06-09T14:29:48 IST" duration-ms="3" status="FAIL">
          <exception class="java.lang.AssertionError">
            <message>
              <![CDATA[expected [true] but found [false]]]>
            </message>
            <full-stacktrace>
              <![CDATA[java.lang.AssertionError: expected [true] but found [false]
at org.testng.Assert.fail(Assert.java:111)
at org.testng.Assert.failNotEquals(Assert.java:1590)
at org.testng.Assert.assertEqualsImpl(Assert.java:150)
at org.testng.Assert.assertEquals(Assert.java:132)
at org.testng.Assert.assertEquals(Assert.java:1079)
at org.testng.Assert.assertEquals(Assert.java:1043)
at org.testng.Assert.assertEquals(Assert.java:1089)
at com.automation.web.tests.HomePageTest.validateMenuLinks(HomePageTest.java:18)
at java.base/jdk.internal.reflect.NativeMethodAccessorImpl.invoke0(Native Method)
at java.base/jdk.internal.reflect.NativeMethodAccessorImpl.invoke(NativeMethodAccessorImpl.java:77)
at java.base/jdk.internal.reflect.DelegatingMethodAccessorImpl.invoke(DelegatingMethodAccessorImpl.java:43)
at java.base/java.lang.reflect.Method.invoke(Method.java:569)
at org.testng.internal.invokers.MethodInvocationHelper.invokeMethod(MethodInvocationHelper.java:141)
at org.testng.internal.invokers.TestInvoker.invokeMethod(TestInvoker.java:687)
at org.testng.internal.invokers.TestInvoker.invokeTestMethod(TestInvoker.java:230)
at org.testng.internal.invokers.MethodRunner.runInSequence(MethodRunner.java:63)
at org.testng.internal.invokers.TestInvoker$MethodInvocationAgent.invoke(TestInvoker.java:995)
at org.testng.internal.invokers.TestInvoker.invokeTestMethods(TestInvoker.java:203)
at org.testng.internal.invokers.TestMethodWorker.invokeTestMethods(TestMethodWorker.java:154)
at org.testng.internal.invokers.TestMethodWorker.run(TestMethodWorker.java:134)
at java.base/java.util.ArrayList.forEach(ArrayList.java:1511)
at org.testng.TestRunner.privateRun(TestRunner.java:741)
at org.testng.TestRunner.run(TestRunner.java:616)
at org.testng.SuiteRunner.runTest(SuiteRunner.java:421)
at org.testng.SuiteRunner$SuiteWorker.run(SuiteRunner.java:463)
at org.testng.internal.thread.ThreadUtil.lambda$execute$0(ThreadUtil.java:64)
at java.base/java.util.concurrent.FutureTask.run(FutureTask.java:264)
at java.base/java.util.concurrent.ThreadPoolExecutor.runWorker(ThreadPoolExecutor.java:1136)
at java.base/java.util.concurrent.ThreadPoolExecutor$Worker.run(ThreadPoolExecutor.java:635)
at java.base/java.lang.Thread.run(Thread.java:840)
]]>
            </full-stacktrace>
          </exception> <!-- java.lang.AssertionError -->
          <reporter-output>
          </reporter-output>
        </test-method> <!-- validateMenuLinks -->
        <test-method signature="validateMenuLinks_2()[pri:0, instance:com.automation.web.tests.HomePageTest@53b7f657]" started-at="2026-06-09T14:29:48 IST" name="validateMenuLinks_2" finished-at="2026-06-09T14:29:48 IST" duration-ms="2" status="PASS">
          <reporter-output>
          </reporter-output>
        </test-method> <!-- validateMenuLinks_2 -->
        <test-method is-config="true" signature="tearDown()[pri:0, instance:com.automation.web.tests.HomePageTest@53b7f657]" started-at="2026-06-09T14:29:48 IST" name="tearDown" finished-at="2026-06-09T14:29:50 IST" duration-ms="1799" status="PASS">
          <reporter-output>
          </reporter-output>
        </test-method> <!-- tearDown -->
      </class> <!-- com.automation.web.tests.HomePageTest -->
    </test> <!-- Playwright_Web_Test_Firefox -->
    <test started-at="2026-06-09T14:29:32 IST" name="Playwright_Web_Test_Chrome" finished-at="2026-06-09T14:29:51 IST" duration-ms="18771">
      <class name="com.automation.web.tests.HomePageTest">
        <test-method is-config="true" signature="setUp(java.lang.String)[pri:0, instance:com.automation.web.tests.HomePageTest@34b9f960]" started-at="2026-06-09T14:29:32 IST" name="setUp" finished-at="2026-06-09T14:29:46 IST" duration-ms="13923" status="PASS">
          <params>
            <param index="0">
              <value>
                <![CDATA[chrome]]>
              </value>
            </param>
          </params>
          <reporter-output>
          </reporter-output>
        </test-method> <!-- setUp -->
        <test-method signature="validateMenuLinks()[pri:0, instance:com.automation.web.tests.HomePageTest@34b9f960]" started-at="2026-06-09T14:29:46 IST" name="validateMenuLinks" finished-at="2026-06-09T14:29:46 IST" duration-ms="50" status="FAIL">
          <exception class="java.lang.AssertionError">
            <message>
              <![CDATA[expected [true] but found [false]]]>
            </message>
            <full-stacktrace>
              <![CDATA[java.lang.AssertionError: expected [true] but found [false]
at org.testng.Assert.fail(Assert.java:111)
at org.testng.Assert.failNotEquals(Assert.java:1590)
at org.testng.Assert.assertEqualsImpl(Assert.java:150)
at org.testng.Assert.assertEquals(Assert.java:132)
at org.testng.Assert.assertEquals(Assert.java:1079)
at org.testng.Assert.assertEquals(Assert.java:1043)
at org.testng.Assert.assertEquals(Assert.java:1089)
at com.automation.web.tests.HomePageTest.validateMenuLinks(HomePageTest.java:18)
at java.base/jdk.internal.reflect.NativeMethodAccessorImpl.invoke0(Native Method)
at java.base/jdk.internal.reflect.NativeMethodAccessorImpl.invoke(NativeMethodAccessorImpl.java:77)
at java.base/jdk.internal.reflect.DelegatingMethodAccessorImpl.invoke(DelegatingMethodAccessorImpl.java:43)
at java.base/java.lang.reflect.Method.invoke(Method.java:569)
at org.testng.internal.invokers.MethodInvocationHelper.invokeMethod(MethodInvocationHelper.java:141)
at org.testng.internal.invokers.TestInvoker.invokeMethod(TestInvoker.java:687)
at org.testng.internal.invokers.TestInvoker.invokeTestMethod(TestInvoker.java:230)
at org.testng.internal.invokers.MethodRunner.runInSequence(MethodRunner.java:63)
at org.testng.internal.invokers.TestInvoker$MethodInvocationAgent.invoke(TestInvoker.java:995)
at org.testng.internal.invokers.TestInvoker.invokeTestMethods(TestInvoker.java:203)
at org.testng.internal.invokers.TestMethodWorker.invokeTestMethods(TestMethodWorker.java:154)
at org.testng.internal.invokers.TestMethodWorker.run(TestMethodWorker.java:134)
at java.base/java.util.ArrayList.forEach(ArrayList.java:1511)
at org.testng.TestRunner.privateRun(TestRunner.java:741)
at org.testng.TestRunner.run(TestRunner.java:616)
at org.testng.SuiteRunner.runTest(SuiteRunner.java:421)
at org.testng.SuiteRunner$SuiteWorker.run(SuiteRunner.java:463)
at org.testng.internal.thread.ThreadUtil.lambda$execute$0(ThreadUtil.java:64)
at java.base/java.util.concurrent.FutureTask.run(FutureTask.java:264)
at java.base/java.util.concurrent.ThreadPoolExecutor.runWorker(ThreadPoolExecutor.java:1136)
at java.base/java.util.concurrent.ThreadPoolExecutor$Worker.run(ThreadPoolExecutor.java:635)
at java.base/java.lang.Thread.run(Thread.java:840)
]]>
            </full-stacktrace>
          </exception> <!-- java.lang.AssertionError -->
          <reporter-output>
          </reporter-output>
        </test-method> <!-- validateMenuLinks -->
        <test-method signature="validateMenuLinks_2()[pri:0, instance:com.automation.web.tests.HomePageTest@34b9f960]" started-at="2026-06-09T14:29:47 IST" name="validateMenuLinks_2" finished-at="2026-06-09T14:29:47 IST" duration-ms="11" status="PASS">
          <reporter-output>
          </reporter-output>
        </test-method> <!-- validateMenuLinks_2 -->
        <test-method is-config="true" signature="tearDown()[pri:0, instance:com.automation.web.tests.HomePageTest@34b9f960]" started-at="2026-06-09T14:29:48 IST" name="tearDown" finished-at="2026-06-09T14:29:51 IST" duration-ms="2982" status="PASS">
          <reporter-output>
          </reporter-output>
        </test-method> <!-- tearDown -->
      </class> <!-- com.automation.web.tests.HomePageTest -->
    </test> <!-- Playwright_Web_Test_Chrome -->
    <test started-at="2026-06-09T14:29:32 IST" name="Playwright_Web_Test_Edge" finished-at="2026-06-09T14:29:53 IST" duration-ms="21080">
      <class name="com.automation.web.tests.HomePageTest">
        <test-method is-config="true" signature="setUp(java.lang.String)[pri:0, instance:com.automation.web.tests.HomePageTest@26df6e3a]" started-at="2026-06-09T14:29:32 IST" name="setUp" finished-at="2026-06-09T14:29:46 IST" duration-ms="14243" status="PASS">
          <params>
            <param index="0">
              <value>
                <![CDATA[edge]]>
              </value>
            </param>
          </params>
          <reporter-output>
          </reporter-output>
        </test-method> <!-- setUp -->
        <test-method signature="validateMenuLinks()[pri:0, instance:com.automation.web.tests.HomePageTest@26df6e3a]" started-at="2026-06-09T14:29:46 IST" name="validateMenuLinks" finished-at="2026-06-09T14:29:47 IST" duration-ms="685" status="FAIL">
          <exception class="java.lang.AssertionError">
            <message>
              <![CDATA[expected [true] but found [false]]]>
            </message>
            <full-stacktrace>
              <![CDATA[java.lang.AssertionError: expected [true] but found [false]
at org.testng.Assert.fail(Assert.java:111)
at org.testng.Assert.failNotEquals(Assert.java:1590)
at org.testng.Assert.assertEqualsImpl(Assert.java:150)
at org.testng.Assert.assertEquals(Assert.java:132)
at org.testng.Assert.assertEquals(Assert.java:1079)
at org.testng.Assert.assertEquals(Assert.java:1043)
at org.testng.Assert.assertEquals(Assert.java:1089)
at com.automation.web.tests.HomePageTest.validateMenuLinks(HomePageTest.java:18)
at java.base/jdk.internal.reflect.NativeMethodAccessorImpl.invoke0(Native Method)
at java.base/jdk.internal.reflect.NativeMethodAccessorImpl.invoke(NativeMethodAccessorImpl.java:77)
at java.base/jdk.internal.reflect.DelegatingMethodAccessorImpl.invoke(DelegatingMethodAccessorImpl.java:43)
at java.base/java.lang.reflect.Method.invoke(Method.java:569)
at org.testng.internal.invokers.MethodInvocationHelper.invokeMethod(MethodInvocationHelper.java:141)
at org.testng.internal.invokers.TestInvoker.invokeMethod(TestInvoker.java:687)
at org.testng.internal.invokers.TestInvoker.invokeTestMethod(TestInvoker.java:230)
at org.testng.internal.invokers.MethodRunner.runInSequence(MethodRunner.java:63)
at org.testng.internal.invokers.TestInvoker$MethodInvocationAgent.invoke(TestInvoker.java:995)
at org.testng.internal.invokers.TestInvoker.invokeTestMethods(TestInvoker.java:203)
at org.testng.internal.invokers.TestMethodWorker.invokeTestMethods(TestMethodWorker.java:154)
at org.testng.internal.invokers.TestMethodWorker.run(TestMethodWorker.java:134)
at java.base/java.util.ArrayList.forEach(ArrayList.java:1511)
at org.testng.TestRunner.privateRun(TestRunner.java:741)
at org.testng.TestRunner.run(TestRunner.java:616)
at org.testng.SuiteRunner.runTest(SuiteRunner.java:421)
at org.testng.SuiteRunner$SuiteWorker.run(SuiteRunner.java:463)
at org.testng.internal.thread.ThreadUtil.lambda$execute$0(ThreadUtil.java:64)
at java.base/java.util.concurrent.FutureTask.run(FutureTask.java:264)
at java.base/java.util.concurrent.ThreadPoolExecutor.runWorker(ThreadPoolExecutor.java:1136)
at java.base/java.util.concurrent.ThreadPoolExecutor$Worker.run(ThreadPoolExecutor.java:635)
at java.base/java.lang.Thread.run(Thread.java:840)
]]>
            </full-stacktrace>
          </exception> <!-- java.lang.AssertionError -->
          <reporter-output>
          </reporter-output>
        </test-method> <!-- validateMenuLinks -->
        <test-method signature="validateMenuLinks_2()[pri:0, instance:com.automation.web.tests.HomePageTest@26df6e3a]" started-at="2026-06-09T14:29:48 IST" name="validateMenuLinks_2" finished-at="2026-06-09T14:29:48 IST" duration-ms="4" status="PASS">
          <reporter-output>
          </reporter-output>
        </test-method> <!-- validateMenuLinks_2 -->
        <test-method is-config="true" signature="tearDown()[pri:0, instance:com.automation.web.tests.HomePageTest@26df6e3a]" started-at="2026-06-09T14:29:48 IST" name="tearDown" finished-at="2026-06-09T14:29:53 IST" duration-ms="5289" status="PASS">
          <reporter-output>
          </reporter-output>
        </test-method> <!-- tearDown -->
      </class> <!-- com.automation.web.tests.HomePageTest -->
    </test> <!-- Playwright_Web_Test_Edge -->
  </suite> <!-- Playwright_Web_Suite -->
</testng-results>
